0 info it worked if it ends with ok
1 verbose cli [ '/usr/bin/node', '/usr/bin/npm', 'start' ]
2 info using npm@1.4.9
3 info using node@v0.10.28
4 verbose node symlink /usr/bin/node
5 error Failed to parse json
5 error Unexpected string
6 error File: /home/tech_solutions/Work/node_tutorial/node_the_right_way/web-services/hello/package.json
7 error Failed to parse package.json data.
7 error package.json must be actual JSON, not just JavaScript.
7 error
7 error This is not a bug in npm.
7 error Tell the package author to fix their package.json file. JSON.parse
8 error System Linux 3.2.0-64-generic
9 error command "/usr/bin/node" "/usr/bin/npm" "start"
10 error cwd /home/tech_solutions/Work/node_tutorial/node_the_right_way/web-services/hello
11 error node -v v0.10.28
12 error npm -v 1.4.9
13 error file /home/tech_solutions/Work/node_tutorial/node_the_right_way/web-services/hello/package.json
14 error code EJSONPARSE
15 verbose exit [ 1, true ]
